2024-11-01 13:24:28 [main] INFO  io.seata.config.ConfigurationFactory - load Configuration from :Spring Configuration
2024-11-01 13:24:28 [main] INFO  i.s.config.nacos.NacosConfiguration - Nacos check auth with userName/password.
2024-11-01 13:24:29 [main] INFO  c.a.n.p.a.s.c.ClientAuthPluginManager - [ClientAuthPluginManager] Load ClientAuthService com.alibaba.nacos.client.auth.impl.NacosClientAuthServiceImpl success.
2024-11-01 13:24:29 [main] INFO  c.a.n.p.a.s.c.ClientAuthPluginManager - [ClientAuthPluginManager] Load ClientAuthService com.alibaba.nacos.client.auth.ram.RamClientAuthServiceImpl success.
2024-11-01 13:24:29 [main] INFO  c.a.n.c.a.AbstractAbilityControlManager - Ready to get current node abilities...
2024-11-01 13:24:29 [main] INFO  c.a.n.c.a.AbstractAbilityControlManager - Ready to initialize current node abilities, support modes: [SDK_CLIENT]
2024-11-01 13:24:29 [main] INFO  c.a.n.c.a.AbstractAbilityControlManager - Initialize current abilities finish...
2024-11-01 13:24:29 [main] INFO  c.a.n.c.a.d.NacosAbilityManagerHolder - [AbilityControlManager] Successfully initialize AbilityControlManager
2024-11-01 13:24:30 [main] INFO  i.s.server.SeataServerApplication - Starting SeataServerApplication using Java 17.0.12 on dinm5CG4221PLD with PID 9348 (C:\Users\z004zdsv\Desktop\AutoFramework\AutoFramework\autoframework-visual\target\classes started by z004zdsv in C:\Users\z004zdsv\Desktop\AutoFramework)
2024-11-01 13:24:30 [main] INFO  i.s.server.SeataServerApplication - The following 1 profile is active: "dev"
2024-11-01 13:24:31 [main] INFO  o.s.b.w.e.tomcat.TomcatWebServer - Tomcat initialized with port(s): 8848 (http)
2024-11-01 13:24:31 [main] INFO  o.a.c.core.AprLifecycleListener - An older version [1.2.14] of the Apache Tomcat Native library is installed, while Tomcat recommends a minimum version of [1.2.38]
2024-11-01 13:24:31 [main] INFO  o.a.c.core.AprLifecycleListener - Loaded Apache Tomcat Native library [1.2.14] using APR version [1.6.2].
2024-11-01 13:24:31 [main] INFO  o.a.c.core.AprLifecycleListener - APR capabilities: IPv6 [true], sendfile [true], accept filters [false], random [true], UDS [false].
2024-11-01 13:24:31 [main] INFO  o.a.c.core.AprLifecycleListener - APR/OpenSSL configuration: useAprConnector [false], useOpenSSL [true]
2024-11-01 13:24:32 [main] INFO  o.a.c.core.AprLifecycleListener - OpenSSL successfully initialized [OpenSSL 1.0.2l  25 May 2017]
2024-11-01 13:24:32 [main] INFO  o.a.coyote.http11.Http11NioProtocol - Initializing ProtocolHandler ["http-nio-8848"]
2024-11-01 13:24:32 [main] INFO  o.a.catalina.core.StandardService - Starting service [Tomcat]
2024-11-01 13:24:32 [main] INFO  o.a.catalina.core.StandardEngine - Starting Servlet engine: [Apache Tomcat/9.0.83]
2024-11-01 13:24:32 [main] INFO  o.a.c.c.C.[.[localhost].[/nacos] - Initializing Spring embedded WebApplicationContext
2024-11-01 13:24:32 [main] INFO  o.s.b.w.s.c.ServletWebServerApplicationContext - Root WebApplicationContext: initialization completed in 2298 ms
2024-11-01 13:24:33 [main] INFO  o.s.b.a.w.s.WelcomePageHandlerMapping - Adding welcome page: class path resource [static/index.html]
2024-11-01 13:24:33 [main] WARN  o.s.s.c.a.web.builders.WebSecurity - You are asking Spring Security to ignore Ant [pattern='/']. This is not recommended -- please use permitAll via HttpSecurity#authorizeHttpRequests instead.
2024-11-01 13:24:33 [main] INFO  o.s.s.web.DefaultSecurityFilterChain - Will not secure Ant [pattern='/']
2024-11-01 13:24:33 [main] WARN  o.s.s.c.a.web.builders.WebSecurity - You are asking Spring Security to ignore Ant [pattern='/**/*.css']. This is not recommended -- please use permitAll via HttpSecurity#authorizeHttpRequests instead.
2024-11-01 13:24:33 [main] INFO  o.s.s.web.DefaultSecurityFilterChain - Will not secure Ant [pattern='/**/*.css']
2024-11-01 13:24:33 [main] WARN  o.s.s.c.a.web.builders.WebSecurity - You are asking Spring Security to ignore Ant [pattern='/**/*.js']. This is not recommended -- please use permitAll via HttpSecurity#authorizeHttpRequests instead.
2024-11-01 13:24:33 [main] INFO  o.s.s.web.DefaultSecurityFilterChain - Will not secure Ant [pattern='/**/*.js']
2024-11-01 13:24:33 [main] WARN  o.s.s.c.a.web.builders.WebSecurity - You are asking Spring Security to ignore Ant [pattern='/**/*.html']. This is not recommended -- please use permitAll via HttpSecurity#authorizeHttpRequests instead.
2024-11-01 13:24:33 [main] INFO  o.s.s.web.DefaultSecurityFilterChain - Will not secure Ant [pattern='/**/*.html']
2024-11-01 13:24:33 [main] WARN  o.s.s.c.a.web.builders.WebSecurity - You are asking Spring Security to ignore Ant [pattern='/**/*.map']. This is not recommended -- please use permitAll via HttpSecurity#authorizeHttpRequests instead.
2024-11-01 13:24:33 [main] INFO  o.s.s.web.DefaultSecurityFilterChain - Will not secure Ant [pattern='/**/*.map']
2024-11-01 13:24:33 [main] WARN  o.s.s.c.a.web.builders.WebSecurity - You are asking Spring Security to ignore Ant [pattern='/**/*.svg']. This is not recommended -- please use permitAll via HttpSecurity#authorizeHttpRequests instead.
2024-11-01 13:24:33 [main] INFO  o.s.s.web.DefaultSecurityFilterChain - Will not secure Ant [pattern='/**/*.svg']
2024-11-01 13:24:33 [main] WARN  o.s.s.c.a.web.builders.WebSecurity - You are asking Spring Security to ignore Ant [pattern='/**/*.png']. This is not recommended -- please use permitAll via HttpSecurity#authorizeHttpRequests instead.
2024-11-01 13:24:33 [main] INFO  o.s.s.web.DefaultSecurityFilterChain - Will not secure Ant [pattern='/**/*.png']
2024-11-01 13:24:33 [main] WARN  o.s.s.c.a.web.builders.WebSecurity - You are asking Spring Security to ignore Ant [pattern='/**/*.jpeg']. This is not recommended -- please use permitAll via HttpSecurity#authorizeHttpRequests instead.
2024-11-01 13:24:33 [main] INFO  o.s.s.web.DefaultSecurityFilterChain - Will not secure Ant [pattern='/**/*.jpeg']
2024-11-01 13:24:33 [main] WARN  o.s.s.c.a.web.builders.WebSecurity - You are asking Spring Security to ignore Ant [pattern='/**/*.ico']. This is not recommended -- please use permitAll via HttpSecurity#authorizeHttpRequests instead.
2024-11-01 13:24:33 [main] INFO  o.s.s.web.DefaultSecurityFilterChain - Will not secure Ant [pattern='/**/*.ico']
2024-11-01 13:24:33 [main] WARN  o.s.s.c.a.web.builders.WebSecurity - You are asking Spring Security to ignore Ant [pattern='/api/v1/auth/login']. This is not recommended -- please use permitAll via HttpSecurity#authorizeHttpRequests instead.
2024-11-01 13:24:33 [main] INFO  o.s.s.web.DefaultSecurityFilterChain - Will not secure Ant [pattern='/api/v1/auth/login']
2024-11-01 13:24:33 [main] INFO  o.s.s.web.DefaultSecurityFilterChain - Will secure any request with [org.springframework.security.web.session.DisableEncodeUrlFilter@6b756a62, org.springframework.security.web.context.request.async.WebAsyncManagerIntegrationFilter@394b9e22, org.springframework.security.web.context.SecurityContextPersistenceFilter@56820446, org.springframework.security.web.header.HeaderWriterFilter@1ac2829e, org.springframework.security.web.authentication.logout.LogoutFilter@5dff108c, io.seata.console.filter.JwtAuthenticationTokenFilter@6e0f259e, org.springframework.security.web.savedrequest.RequestCacheAwareFilter@1b82f62a, org.springframework.security.web.servletapi.SecurityContextHolderAwareRequestFilter@36c45149, org.springframework.security.web.authentication.AnonymousAuthenticationFilter@4fe9adfb, org.springframework.security.web.session.SessionManagementFilter@44e0c3d, org.springframework.security.web.access.ExceptionTranslationFilter@4bcf08ae, org.springframework.security.web.access.intercept.FilterSecurityInterceptor@24ee6faa]
2024-11-01 13:24:33 [main] INFO  o.a.coyote.http11.Http11NioProtocol - Starting ProtocolHandler ["http-nio-8848"]
2024-11-01 13:24:33 [main] WARN  o.s.b.w.s.c.AnnotationConfigServletWebServerApplicationContext - Exception encountered during context initialization - cancelling refresh attempt: org.springframework.context.ApplicationContextException: Failed to start bean 'webServerStartStop'; nested exception is org.springframework.boot.web.server.PortInUseException: Port 8848 is already in use
2024-11-01 13:24:33 [main] INFO  o.a.coyote.http11.Http11NioProtocol - Pausing ProtocolHandler ["http-nio-8848"]
2024-11-01 13:24:33 [main] INFO  o.a.catalina.core.StandardService - Stopping service [Tomcat]
2024-11-01 13:24:33 [main] INFO  o.a.coyote.http11.Http11NioProtocol - Stopping ProtocolHandler ["http-nio-8848"]
2024-11-01 13:24:33 [main] INFO  o.a.coyote.http11.Http11NioProtocol - Destroying ProtocolHandler ["http-nio-8848"]
2024-11-01 13:24:33 [main] INFO  o.s.b.a.l.ConditionEvaluationReportLoggingListener - 

Error starting ApplicationContext. To display the conditions report re-run your application with 'debug' enabled.
2024-11-01 13:24:33 [main] ERROR o.s.b.d.LoggingFailureAnalysisReporter - 

***************************
APPLICATION FAILED TO START
***************************

Description:

Web server failed to start. Port 8848 was already in use.

Action:

Identify and stop the process that's listening on port 8848 or configure this application to listen on another port.

2024-11-01 13:24:33 [Thread-8] WARN  c.a.nacos.common.notify.NotifyCenter - [NotifyCenter] Start destroying Publisher
2024-11-01 13:24:33 [Thread-6] WARN  c.a.n.c.http.HttpClientBeanHolder - [HttpClientBeanHolder] Start destroying common HttpClient
2024-11-01 13:24:33 [Thread-8] WARN  c.a.nacos.common.notify.NotifyCenter - [NotifyCenter] Destruction of the end
2024-11-01 13:24:33 [Thread-6] WARN  c.a.n.c.http.HttpClientBeanHolder - [HttpClientBeanHolder] Destruction of the end
2024-11-01 13:24:47 [main] WARN  c.a.c.n.c.NacosConfigDataLoader - [Nacos Config] config[dataId=autoframework-nacos.yml, group=DEFAULT_GROUP] is empty
2024-11-01 13:24:47 [main] INFO  c.a.c.n.c.NacosConfigDataLoader - [Nacos Config] Load config[dataId=application-common.yml, group=DEFAULT_GROUP] success
2024-11-01 13:24:47 [main] ERROR o.s.boot.SpringApplication - Application run failed
java.lang.IllegalStateException: java.lang.IllegalStateException: Logback configuration error detected: 
ERROR in ch.qos.logback.classic.joran.action.LoggerContextListenerAction - Could not create LoggerContextListener of type io.seata.server.logging.listener.SystemPropertyLoggerContextListener]. ch.qos.logback.core.util.DynamicClassLoadingException: Failed to instantiate type io.seata.server.logging.listener.SystemPropertyLoggerContextListener
	at org.springframework.boot.context.logging.LoggingApplicationListener.initializeSystem(LoggingApplicationListener.java:344)
	at org.springframework.boot.context.logging.LoggingApplicationListener.initialize(LoggingApplicationListener.java:298)
	at org.springframework.boot.context.logging.LoggingApplicationListener.onApplicationEnvironmentPreparedEvent(LoggingApplicationListener.java:246)
	at org.springframework.boot.context.logging.LoggingApplicationListener.onApplicationEvent(LoggingApplicationListener.java:223)
	at org.springframework.context.event.SimpleApplicationEventMulticaster.doInvokeListener(SimpleApplicationEventMulticaster.java:178)
	at org.springframework.context.event.SimpleApplicationEventMulticaster.invokeListener(SimpleApplicationEventMulticaster.java:171)
	at org.springframework.context.event.SimpleApplicationEventMulticaster.multicastEvent(SimpleApplicationEventMulticaster.java:145)
	at org.springframework.context.event.SimpleApplicationEventMulticaster.multicastEvent(SimpleApplicationEventMulticaster.java:133)
	at org.springframework.boot.context.event.EventPublishingRunListener.environmentPrepared(EventPublishingRunListener.java:85)
	at org.springframework.boot.SpringApplicationRunListeners.lambda$environmentPrepared$2(SpringApplicationRunListeners.java:66)
	at java.base/java.util.ArrayList.forEach(ArrayList.java:1511)
	at org.springframework.boot.SpringApplicationRunListeners.doWithListeners(SpringApplicationRunListeners.java:120)
	at org.springframework.boot.SpringApplicationRunListeners.doWithListeners(SpringApplicationRunListeners.java:114)
	at org.springframework.boot.SpringApplicationRunListeners.environmentPrepared(SpringApplicationRunListeners.java:65)
	at org.springframework.boot.SpringApplication.prepareEnvironment(SpringApplication.java:344)
	at org.springframework.boot.SpringApplication.run(SpringApplication.java:302)
	at org.springframework.boot.SpringApplication.run(SpringApplication.java:1300)
	at org.springframework.boot.SpringApplication.run(SpringApplication.java:1289)
	at com.alibaba.csp.sentinel.dashboard.DashboardApplication.main(DashboardApplication.java:32)
Caused by: java.lang.IllegalStateException: Logback configuration error detected: 
ERROR in ch.qos.logback.classic.joran.action.LoggerContextListenerAction - Could not create LoggerContextListener of type io.seata.server.logging.listener.SystemPropertyLoggerContextListener]. ch.qos.logback.core.util.DynamicClassLoadingException: Failed to instantiate type io.seata.server.logging.listener.SystemPropertyLoggerContextListener
	at org.springframework.boot.logging.logback.LogbackLoggingSystem.reportConfigurationErrorsIfNecessary(LogbackLoggingSystem.java:189)
	at org.springframework.boot.logging.logback.LogbackLoggingSystem.loadConfiguration(LogbackLoggingSystem.java:170)
	at org.springframework.boot.logging.AbstractLoggingSystem.initializeWithConventions(AbstractLoggingSystem.java:80)
	at org.springframework.boot.logging.AbstractLoggingSystem.initialize(AbstractLoggingSystem.java:60)
	at org.springframework.boot.logging.logback.LogbackLoggingSystem.initialize(LogbackLoggingSystem.java:132)
	at org.springframework.boot.context.logging.LoggingApplicationListener.initializeSystem(LoggingApplicationListener.java:329)
	... 18 common frames omitted
	Suppressed: ch.qos.logback.core.util.DynamicClassLoadingException: Failed to instantiate type io.seata.server.logging.listener.SystemPropertyLoggerContextListener
		at ch.qos.logback.core.util.OptionHelper.instantiateByClassNameAndParameter(OptionHelper.java:68)
		at ch.qos.logback.core.util.OptionHelper.instantiateByClassName(OptionHelper.java:44)
		at ch.qos.logback.core.util.OptionHelper.instantiateByClassName(OptionHelper.java:33)
		at ch.qos.logback.classic.joran.action.LoggerContextListenerAction.begin(LoggerContextListenerAction.java:44)
		at ch.qos.logback.core.joran.spi.Interpreter.callBeginAction(Interpreter.java:269)
		at ch.qos.logback.core.joran.spi.Interpreter.startElement(Interpreter.java:145)
		at ch.qos.logback.core.joran.spi.Interpreter.startElement(Interpreter.java:128)
		at ch.qos.logback.core.joran.spi.EventPlayer.play(EventPlayer.java:50)
		at ch.qos.logback.core.joran.GenericConfigurator.doConfigure(GenericConfigurator.java:165)
		at ch.qos.logback.core.joran.GenericConfigurator.doConfigure(GenericConfigurator.java:152)
		at ch.qos.logback.core.joran.GenericConfigurator.doConfigure(GenericConfigurator.java:110)
		at ch.qos.logback.core.joran.GenericConfigurator.doConfigure(GenericConfigurator.java:53)
		at org.springframework.boot.logging.logback.LogbackLoggingSystem.configureByResourceUrl(LogbackLoggingSystem.java:199)
		at org.springframework.boot.logging.logback.LogbackLoggingSystem.loadConfiguration(LogbackLoggingSystem.java:165)
		... 22 common frames omitted
	Caused by: java.lang.ClassNotFoundException: io.seata.server.logging.listener.SystemPropertyLoggerContextListener
		at java.base/jdk.internal.loader.BuiltinClassLoader.loadClass(BuiltinClassLoader.java:641)
		at java.base/jdk.internal.loader.ClassLoaders$AppClassLoader.loadClass(ClassLoaders.java:188)
		at java.base/java.lang.ClassLoader.loadClass(ClassLoader.java:525)
		at ch.qos.logback.core.util.OptionHelper.instantiateByClassNameAndParameter(OptionHelper.java:55)
		... 35 common frames omitted
2024-11-01 13:24:47 [Thread-4] WARN  c.a.n.c.http.HttpClientBeanHolder - [HttpClientBeanHolder] Start destroying common HttpClient
2024-11-01 13:24:47 [Thread-9] WARN  c.a.nacos.common.notify.NotifyCenter - [NotifyCenter] Start destroying Publisher
2024-11-01 13:24:47 [Thread-9] WARN  c.a.nacos.common.notify.NotifyCenter - [NotifyCenter] Destruction of the end
2024-11-01 13:24:47 [Thread-4] WARN  c.a.n.c.http.HttpClientBeanHolder - [HttpClientBeanHolder] Destruction of the end
2024-11-01 13:25:48 [main] WARN  c.a.c.n.c.NacosConfigDataLoader - [Nacos Config] config[dataId=autoframework-nacos.yml, group=DEFAULT_GROUP] is empty
2024-11-01 13:25:48 [main] INFO  c.a.c.n.c.NacosConfigDataLoader - [Nacos Config] Load config[dataId=application-common.yml, group=DEFAULT_GROUP] success
2024-11-01 13:25:48 [main] ERROR o.s.boot.SpringApplication - Application run failed
java.lang.IllegalStateException: java.lang.IllegalStateException: Logback configuration error detected: 
ERROR in ch.qos.logback.classic.joran.action.LoggerContextListenerAction - Could not create LoggerContextListener of type io.seata.server.logging.listener.SystemPropertyLoggerContextListener]. ch.qos.logback.core.util.DynamicClassLoadingException: Failed to instantiate type io.seata.server.logging.listener.SystemPropertyLoggerContextListener
	at org.springframework.boot.context.logging.LoggingApplicationListener.initializeSystem(LoggingApplicationListener.java:344)
	at org.springframework.boot.context.logging.LoggingApplicationListener.initialize(LoggingApplicationListener.java:298)
	at org.springframework.boot.context.logging.LoggingApplicationListener.onApplicationEnvironmentPreparedEvent(LoggingApplicationListener.java:246)
	at org.springframework.boot.context.logging.LoggingApplicationListener.onApplicationEvent(LoggingApplicationListener.java:223)
	at org.springframework.context.event.SimpleApplicationEventMulticaster.doInvokeListener(SimpleApplicationEventMulticaster.java:178)
	at org.springframework.context.event.SimpleApplicationEventMulticaster.invokeListener(SimpleApplicationEventMulticaster.java:171)
	at org.springframework.context.event.SimpleApplicationEventMulticaster.multicastEvent(SimpleApplicationEventMulticaster.java:145)
	at org.springframework.context.event.SimpleApplicationEventMulticaster.multicastEvent(SimpleApplicationEventMulticaster.java:133)
	at org.springframework.boot.context.event.EventPublishingRunListener.environmentPrepared(EventPublishingRunListener.java:85)
	at org.springframework.boot.SpringApplicationRunListeners.lambda$environmentPrepared$2(SpringApplicationRunListeners.java:66)
	at java.base/java.util.ArrayList.forEach(ArrayList.java:1511)
	at org.springframework.boot.SpringApplicationRunListeners.doWithListeners(SpringApplicationRunListeners.java:120)
	at org.springframework.boot.SpringApplicationRunListeners.doWithListeners(SpringApplicationRunListeners.java:114)
	at org.springframework.boot.SpringApplicationRunListeners.environmentPrepared(SpringApplicationRunListeners.java:65)
	at org.springframework.boot.SpringApplication.prepareEnvironment(SpringApplication.java:344)
	at org.springframework.boot.SpringApplication.run(SpringApplication.java:302)
	at org.springframework.boot.SpringApplication.run(SpringApplication.java:1300)
	at org.springframework.boot.SpringApplication.run(SpringApplication.java:1289)
	at com.alibaba.csp.sentinel.dashboard.DashboardApplication.main(DashboardApplication.java:32)
Caused by: java.lang.IllegalStateException: Logback configuration error detected: 
ERROR in ch.qos.logback.classic.joran.action.LoggerContextListenerAction - Could not create LoggerContextListener of type io.seata.server.logging.listener.SystemPropertyLoggerContextListener]. ch.qos.logback.core.util.DynamicClassLoadingException: Failed to instantiate type io.seata.server.logging.listener.SystemPropertyLoggerContextListener
	at org.springframework.boot.logging.logback.LogbackLoggingSystem.reportConfigurationErrorsIfNecessary(LogbackLoggingSystem.java:189)
	at org.springframework.boot.logging.logback.LogbackLoggingSystem.loadConfiguration(LogbackLoggingSystem.java:170)
	at org.springframework.boot.logging.AbstractLoggingSystem.initializeWithConventions(AbstractLoggingSystem.java:80)
	at org.springframework.boot.logging.AbstractLoggingSystem.initialize(AbstractLoggingSystem.java:60)
	at org.springframework.boot.logging.logback.LogbackLoggingSystem.initialize(LogbackLoggingSystem.java:132)
	at org.springframework.boot.context.logging.LoggingApplicationListener.initializeSystem(LoggingApplicationListener.java:329)
	... 18 common frames omitted
	Suppressed: ch.qos.logback.core.util.DynamicClassLoadingException: Failed to instantiate type io.seata.server.logging.listener.SystemPropertyLoggerContextListener
		at ch.qos.logback.core.util.OptionHelper.instantiateByClassNameAndParameter(OptionHelper.java:68)
		at ch.qos.logback.core.util.OptionHelper.instantiateByClassName(OptionHelper.java:44)
		at ch.qos.logback.core.util.OptionHelper.instantiateByClassName(OptionHelper.java:33)
		at ch.qos.logback.classic.joran.action.LoggerContextListenerAction.begin(LoggerContextListenerAction.java:44)
		at ch.qos.logback.core.joran.spi.Interpreter.callBeginAction(Interpreter.java:269)
		at ch.qos.logback.core.joran.spi.Interpreter.startElement(Interpreter.java:145)
		at ch.qos.logback.core.joran.spi.Interpreter.startElement(Interpreter.java:128)
		at ch.qos.logback.core.joran.spi.EventPlayer.play(EventPlayer.java:50)
		at ch.qos.logback.core.joran.GenericConfigurator.doConfigure(GenericConfigurator.java:165)
		at ch.qos.logback.core.joran.GenericConfigurator.doConfigure(GenericConfigurator.java:152)
		at ch.qos.logback.core.joran.GenericConfigurator.doConfigure(GenericConfigurator.java:110)
		at ch.qos.logback.core.joran.GenericConfigurator.doConfigure(GenericConfigurator.java:53)
		at org.springframework.boot.logging.logback.LogbackLoggingSystem.configureByResourceUrl(LogbackLoggingSystem.java:199)
		at org.springframework.boot.logging.logback.LogbackLoggingSystem.loadConfiguration(LogbackLoggingSystem.java:165)
		... 22 common frames omitted
	Caused by: java.lang.ClassNotFoundException: io.seata.server.logging.listener.SystemPropertyLoggerContextListener
		at java.base/jdk.internal.loader.BuiltinClassLoader.loadClass(BuiltinClassLoader.java:641)
		at java.base/jdk.internal.loader.ClassLoaders$AppClassLoader.loadClass(ClassLoaders.java:188)
		at java.base/java.lang.ClassLoader.loadClass(ClassLoader.java:525)
		at ch.qos.logback.core.util.OptionHelper.instantiateByClassNameAndParameter(OptionHelper.java:55)
		... 35 common frames omitted
2024-11-01 13:25:48 [Thread-4] WARN  c.a.n.c.http.HttpClientBeanHolder - [HttpClientBeanHolder] Start destroying common HttpClient
2024-11-01 13:25:48 [Thread-9] WARN  c.a.nacos.common.notify.NotifyCenter - [NotifyCenter] Start destroying Publisher
2024-11-01 13:25:48 [Thread-9] WARN  c.a.nacos.common.notify.NotifyCenter - [NotifyCenter] Destruction of the end
2024-11-01 13:25:48 [Thread-4] WARN  c.a.n.c.http.HttpClientBeanHolder - [HttpClientBeanHolder] Destruction of the end
